<?xml version="1.0" encoding="UTF-8"?>
<!-- Generated by org.testng.reporters.JUnitXMLReporter -->
<testsuite ignored="4" hostname="DELL-FHHTRG3" failures="0" tests="1" name="Bimabharosa_API_Automation" time="6.406" errors="0" timestamp="2024-07-15T14:05:13 IST">
  <testcase classname="Update.Test_2_NewComplaint" name="new_to_pen_negative_TC" time="6.373"/>
  <testcase classname="Update.Test_2_NewComplaint" name="new_to_rop_negative_TC" time="0.0">
    <ignored/>
  </testcase> <!-- new_to_rop_negative_TC -->
  <testcase classname="Update.Test_2_NewComplaint" name="new_to_cls_negative_TC" time="0.0">
    <ignored/>
  </testcase> <!-- new_to_cls_negative_TC -->
  <testcase classname="Update.Test_2_NewComplaint" name="new_to_esc_negative_TC" time="0.0">
    <ignored/>
  </testcase> <!-- new_to_esc_negative_TC -->
  <testcase classname="Update.Test_2_NewComplaint" name="new_to_att_negative_TC" time="0.0">
    <ignored/>
  </testcase> <!-- new_to_att_negative_TC -->
</testsuite> <!-- Bimabharosa_API_Automation -->
