<?xml version="1.0" encoding="UTF-8"?>
<!-- Generated by org.testng.reporters.JUnitXMLReporter -->
<testsuite ignored="28" hostname="DELL-FHHTRG3" failures="0" tests="85" name="RegisterModule" time="54.9" errors="0" timestamp="2024-06-10T12:00:34 IST">
  <testcase classname="Update.Test_1_StatusChangeDate_Validation" name="future_statusChangeDate_negative_TC" time="1.946"/>
  <testcase classname="Update.Test_1_StatusChangeDate_Validation" name="current_statusChangeDate_positive_TC" time="0.455"/>
  <testcase classname="Update.Test_1_StatusChangeDate_Validation" name="Date_validation_format_YYYY_DD_MM_negative_TC" time="0.326"/>
  <testcase classname="Update.Test_1_StatusChangeDate_Validation" name="Date_validation_format_MM_DD_YYYY_negative_TC" time="0.358"/>
  <testcase classname="Update.Test_1_StatusChangeDate_Validation" name="Date_validation_format_00_00_0000_negative_TC" time="0.364"/>
  <testcase classname="Update.Test_1_StatusChangeDate_Validation" name="Date_validation_alphabet_specialchar_negative_TC" time="0.389"/>
  <testcase classname="Update.Test_1_StatusChangeDate_Validation" name="Status_Change_date_not_older_than_complaint_receipt_date_negative_TC" time="0.265"/>
  <testcase classname="Update.Test_1_StatusChangeDate_Validation" name="Status_Change_date_not_older_than_previous_status_change_date_negative_TC" time="0.489"/>
  <testcase classname="Update.Test_2_NewComplaint" name="new_to_pen_negative_TC" time="0.332"/>
  <testcase classname="Update.Test_2_NewComplaint" name="new_to_att_negative_TC" time="0.239"/>
  <testcase classname="Update.Test_2_NewComplaint" name="new_to_esc_negative_TC" time="0.227"/>
  <testcase classname="Update.Test_2_NewComplaint" name="new_to_rop_negative_TC" time="0.238"/>
  <testcase classname="Update.Test_2_NewComplaint" name="new_to_cls_negative_TC" time="0.247"/>
  <testcase classname="Update.Test_3_AckComplaint" name="ack_to_new_negative_TC" time="0.458"/>
  <testcase classname="Update.Test_3_AckComplaint" name="ack_to_att_negative_TC" time="0.411"/>
  <testcase classname="Update.Test_3_AckComplaint" name="ack_to_esc_negative_TC" time="0.441"/>
  <testcase classname="Update.Test_3_AckComplaint" name="ack_to_rop_negative_TC" time="0.414"/>
  <testcase classname="Update.Test_3_AckComplaint" name="ack_to_cls_negative_TC" time="0.441"/>
  <testcase classname="Update.Test_4_PenComplaint" name="pen_to_new_negative_TC" time="0.655"/>
  <testcase classname="Update.Test_4_PenComplaint" name="pen_to_ack_negative_TC" time="0.508"/>
  <testcase classname="Update.Test_4_PenComplaint" name="pen_to_esc_negative_TC" time="0.455"/>
  <testcase classname="Update.Test_4_PenComplaint" name="pen_to_rop_negative_TC" time="0.472"/>
  <testcase classname="Update.Test_4_PenComplaint" name="pen_to_cls_negative_TC" time="0.483"/>
  <testcase classname="Update.Test_4_PenComplaint" name="pen_to_attent_to_claim_negative_TC" time="0.778"/>
  <testcase classname="Update.Test_5_Ack_Pen_MandateField_Validation" name="Update_Status_Without_Status_Change_Date_field_negative_TC" time="0.208"/>
  <testcase classname="Update.Test_5_Ack_Pen_MandateField_Validation" name="Update_Status_Without_IRDA_Token_Number_field_negative_TC" time="0.262"/>
  <testcase classname="Update.Test_5_Ack_Pen_MandateField_Validation" name="Update_Status_With_null_Entity_Complaint_Ref_Number_field_negative_TC" time="0.252"/>
  <testcase classname="Update.Test_5_Ack_Pen_MandateField_Validation" name="Update_Status_Without_Complaint_Status_Id_field_negative_TC" time="0.245"/>
  <testcase classname="Update.Test_5_Ack_Pen_MandateField_Validation" name="Update_Status_Without_Trans_Login_Id_Field_negative_TC" time="0.257"/>
  <testcase classname="Update.Test_5_Ack_Pen_MandateField_Validation" name="Update_Status_Without_Option_Field_negative_TC" time="0.255"/>
  <testcase classname="Update.Test_5_Ack_Pen_MandateField_Validation" name="Update_Status_Without_Mode_Field_negative_TC" time="0.56"/>
  <testcase classname="Update.Test_5_Ack_Pen_MandateField_Validation" name="Update_Status_Invalid_Mode_Field_negative_TC" time="0.237"/>
  <testcase classname="Update.Test_5_Ack_Pen_MandateField_Validation" name="Update_Status_With_Removed_Entity_ref_Id_field_negative_TC" time="0.271"/>
  <testcase classname="Update.Test_6_pen_to_Att_mand_field_validation" name="pen_to_att_without_mand_field_negative_TC" time="0.58"/>
  <testcase classname="Update.Test_7_Att_to_Complaint" name="att_to_new_negative_TC" time="1.04"/>
  <testcase classname="Update.Test_7_Att_to_Complaint" name="att_to_ack_negative_TC" time="0.619"/>
  <testcase classname="Update.Test_7_Att_to_Complaint" name="att_to_pen_negative_TC" time="0.656"/>
  <testcase classname="Update.Test_7_Att_to_Complaint" name="att_to_rop_negative_TC" time="0.723"/>
  <testcase classname="Update.Test_7_Att_to_Complaint" name="att_to_esc_with_mandatary_fields_negative_TC" time="0.765"/>
  <testcase classname="Update.Test_7_Att_to_Complaint" name="att_to_cls_with_ESC_negative_TC" time="1.254"/>
  <testcase classname="Update.Test_7_Att_to_Complaint" name="att_to_cls_negative_TC" time="0.649"/>
  <testcase classname="Update.Test_8_Type_Of_Disposal" name="type_of_dis_1_positive_TC" time="0.634"/>
  <testcase classname="Update.Test_8_Type_Of_Disposal" name="type_of_dis_2_positive_TC" time="0.6"/>
  <testcase classname="Update.Test_8_Type_Of_Disposal" name="type_of_dis_3_positive_TC" time="0.584"/>
  <testcase classname="Update.Test_8_Type_Of_Disposal" name="type_of_dis_9_positive_TC" time="0.714"/>
  <testcase classname="Update.Test_8_Type_Of_Disposal" name="type_of_dis_invalid_negative_TC" time="0.651"/>
  <testcase classname="Update.Test_8_Type_Of_Disposal" name="type_of_dis_9_without_mand_field_negative_TC" time="0.51"/>
  <testcase classname="Update.Test_9_EscComplaint" name="esc_to_new_negative_TC" time="0.858"/>
  <testcase classname="Update.Test_9_EscComplaint" name="esc_to_ack_negative_TC" time="0.739"/>
  <testcase classname="Update.Test_9_EscComplaint" name="esc_to_pending_negative_TC" time="0.868"/>
  <testcase classname="Update.Test_9_EscComplaint" name="esc_to_att_to_negative_TC" time="0.954"/>
  <testcase classname="Update.Test_9_EscComplaint" name="esc_to_reopen_less_than_15_TC" time="0.908"/>
  <testcase classname="Update.Test_9_EscComplaint" name="esc_to_close_negative_TC" time="1.005"/>
  <testcase classname="Update.Test_10_RopComplaint" name="rop_to_new_negative_TC" time="1.14"/>
  <testcase classname="Update.Test_10_RopComplaint" name="rop_to_ack_negative_TC" time="1.301"/>
  <testcase classname="Update.Test_10_RopComplaint" name="rop_to_pending_negative_TC" time="0.94"/>
  <testcase classname="Update.Test_10_RopComplaint" name="rop_to_esc_negative_TC" time="1.325"/>
  <testcase classname="Update.Test_10_RopComplaint" name="rop_to_cls_negative_TC" time="0.973"/>
  <testcase classname="Update.Test_10_RopComplaint" name="rop_to_att_with_claim_negative_TC" time="1.089"/>
  <testcase classname="Update.Test_11_Cls_Negative" name="cls_to_new_nagative_TC" time="0.963"/>
  <testcase classname="Update.Test_11_Cls_Negative" name="cls_to_ack_negative_TC" time="0.856"/>
  <testcase classname="Update.Test_11_Cls_Negative" name="cls_to_pen_negative_TC" time="0.816"/>
  <testcase classname="Update.Test_11_Cls_Negative" name="cls_to_att_negative_TC" time="0.918"/>
  <testcase classname="Update.Test_11_Cls_Negative" name="cls_to_esc_negative_TC" time="0.779"/>
  <testcase classname="Update.Test_11_Cls_Negative" name="cls_to_rop_negative_TC" time="0.728"/>
  <testcase classname="Update.Test_12_not_pertain_to" name="new_not_pertain_to_positive_TC" time="0.302"/>
  <testcase classname="Update.Test_12_not_pertain_to" name="ack_not_pertain_to_positive_TC" time="0.347"/>
  <testcase classname="Update.Test_12_not_pertain_to" name="pending_not_pertain_to_positive_TC" time="0.478"/>
  <testcase classname="Update.Test_12_not_pertain_to" name="without_mand_field_negative_TC" time="0.22"/>
  <testcase classname="Update.Test_13_branch_code_validation" name="registerAgainst_Broker_new_to_ack_positive_TC" time="0.349"/>
  <testcase classname="Update.Test_14_status_update_with_diff_transLogin_Id" name="status_update_with_diff_transLogin_Id_negative_TC" time="0.234"/>
  <testcase classname="Update.Test_15_UpdateComplaint_Positive" name="new_to_ack_positive_TC" time="0.246"/>
  <testcase classname="Update.Test_15_UpdateComplaint_Positive" name="new_to_esc_after_15_days_positive_TC" time="0.282"/>
  <testcase classname="Update.Test_15_UpdateComplaint_Positive" name="ack_to_pen_positive_TC" time="0.455"/>
  <testcase classname="Update.Test_15_UpdateComplaint_Positive" name="ack_to_esc_after_15_days_positive_TC" time="0.415"/>
  <testcase classname="Update.Test_15_UpdateComplaint_Positive" name="pen_to_att_positive_TC" time="0.49"/>
  <testcase classname="Update.Test_15_UpdateComplaint_Positive" name="pen_to_attent_to_claim_positive_TC" time="0.518"/>
  <testcase classname="Update.Test_15_UpdateComplaint_Positive" name="pen_to_esc_after_15_days_positive_TC" time="0.614"/>
  <testcase classname="Update.Test_15_UpdateComplaint_Positive" name="att_to_esc_firstTime_positive_TC" time="0.806"/>
  <testcase classname="Update.Test_15_UpdateComplaint_Positive" name="att_to_esc_secondTime_positive_TC" time="1.388"/>
  <testcase classname="Update.Test_15_UpdateComplaint_Positive" name="att_to_cls_positive_TC" time="0.607"/>
  <testcase classname="Update.Test_15_UpdateComplaint_Positive" name="closure_request_to_IRDIA_positive_TC" time="1.237"/>
  <testcase classname="Update.Test_15_UpdateComplaint_Positive" name="esc_to_rop_positive_TC" time="0.773"/>
  <testcase classname="Update.Test_15_UpdateComplaint_Positive" name="rop_to_att_with_claim_positive_TC" time="2.814"/>
  <testcase classname="Update.Test_15_UpdateComplaint_Positive" name="rop_to_att_with_positive_TC" time="0.877"/>
  <testcase classname="Base.Main" name="@BeforeSuite setup" time="0.0">
    <ignored/>
  </testcase> <!-- @BeforeSuite setup -->
  <testcase classname="Base.Main" name="@AfterSuite tearDown" time="0.0">
    <ignored/>
  </testcase> <!-- @AfterSuite tearDown -->
  <testcase classname="Base.Main" name="@AfterSuite tearDown" time="0.0">
    <ignored/>
  </testcase> <!-- @AfterSuite tearDown -->
  <testcase classname="Base.Main" name="@BeforeSuite setup" time="0.0">
    <ignored/>
  </testcase> <!-- @BeforeSuite setup -->
  <testcase classname="Base.Main" name="@AfterSuite tearDown" time="0.0">
    <ignored/>
  </testcase> <!-- @AfterSuite tearDown -->
  <testcase classname="Base.Main" name="@AfterSuite tearDown" time="0.0">
    <ignored/>
  </testcase> <!-- @AfterSuite tearDown -->
  <testcase classname="Base.Main" name="@AfterSuite tearDown" time="0.0">
    <ignored/>
  </testcase> <!-- @AfterSuite tearDown -->
  <testcase classname="Base.Main" name="@AfterSuite tearDown" time="0.0">
    <ignored/>
  </testcase> <!-- @AfterSuite tearDown -->
  <testcase classname="Base.Main" name="@AfterSuite tearDown" time="0.0">
    <ignored/>
  </testcase> <!-- @AfterSuite tearDown -->
  <testcase classname="Base.Main" name="@BeforeSuite setup" time="0.0">
    <ignored/>
  </testcase> <!-- @BeforeSuite setup -->
  <testcase classname="Base.Main" name="@BeforeSuite setup" time="0.0">
    <ignored/>
  </testcase> <!-- @BeforeSuite setup -->
  <testcase classname="Base.Main" name="@AfterSuite tearDown" time="0.0">
    <ignored/>
  </testcase> <!-- @AfterSuite tearDown -->
  <testcase classname="Base.Main" name="@BeforeSuite setup" time="0.0">
    <ignored/>
  </testcase> <!-- @BeforeSuite setup -->
  <testcase classname="Base.Main" name="@BeforeSuite setup" time="0.0">
    <ignored/>
  </testcase> <!-- @BeforeSuite setup -->
  <testcase classname="Base.Main" name="@AfterSuite tearDown" time="0.0">
    <ignored/>
  </testcase> <!-- @AfterSuite tearDown -->
  <testcase classname="Base.Main" name="@BeforeSuite setup" time="0.0">
    <ignored/>
  </testcase> <!-- @BeforeSuite setup -->
  <testcase classname="Base.Main" name="@AfterSuite tearDown" time="0.0">
    <ignored/>
  </testcase> <!-- @AfterSuite tearDown -->
  <testcase classname="Base.Main" name="@AfterSuite tearDown" time="0.0">
    <ignored/>
  </testcase> <!-- @AfterSuite tearDown -->
  <testcase classname="Base.Main" name="@BeforeSuite setup" time="0.0">
    <ignored/>
  </testcase> <!-- @BeforeSuite setup -->
  <testcase classname="Base.Main" name="@AfterSuite tearDown" time="0.0">
    <ignored/>
  </testcase> <!-- @AfterSuite tearDown -->
  <testcase classname="Base.Main" name="@BeforeSuite setup" time="0.0">
    <ignored/>
  </testcase> <!-- @BeforeSuite setup -->
  <testcase classname="Base.Main" name="@AfterSuite tearDown" time="0.0">
    <ignored/>
  </testcase> <!-- @AfterSuite tearDown -->
  <testcase classname="Base.Main" name="@BeforeSuite setup" time="0.0">
    <ignored/>
  </testcase> <!-- @BeforeSuite setup -->
  <testcase classname="Base.Main" name="@BeforeSuite setup" time="0.0">
    <ignored/>
  </testcase> <!-- @BeforeSuite setup -->
  <testcase classname="Base.Main" name="@BeforeSuite setup" time="0.0">
    <ignored/>
  </testcase> <!-- @BeforeSuite setup -->
  <testcase classname="Base.Main" name="@BeforeSuite setup" time="0.0">
    <ignored/>
  </testcase> <!-- @BeforeSuite setup -->
  <testcase classname="Base.Main" name="@BeforeSuite setup" time="0.0">
    <ignored/>
  </testcase> <!-- @BeforeSuite setup -->
  <testcase classname="Base.Main" name="@AfterSuite tearDown" time="0.0">
    <ignored/>
  </testcase> <!-- @AfterSuite tearDown -->
</testsuite> <!-- RegisterModule -->
