<?xml version="1.0" encoding="UTF-8"?>
<!-- Generated by org.testng.reporters.JUnitXMLReporter -->
<testsuite ignored="60" hostname="DELL-FHHTRG3" failures="0" tests="82" name="RegisterModule" time="20.375" errors="0" timestamp="2024-07-16T15:14:00 IST">
  <testcase classname="Register.Test_1_RegisterComplaint_PresentDate" name="test_registerComplaint_PresentDate" time="3.321"/>
  <testcase classname="Register.Test_2_RegisterComplaint_PastDate" name="test_registerComplaint_PastDate" time="0.363"/>
  <testcase classname="Register.Test_3_RegisterComplaint_Dates_Negative" name="test_registerComplaint_FutureDate" time="0.287"/>
  <testcase classname="Register.Test_3_RegisterComplaint_Dates_Negative" name="test_registerComplaint_InvalidDateFormat" time="0.166"/>
  <testcase classname="Register.Test_3_RegisterComplaint_Dates_Negative" name="test_complaintDateAndReceiptDate_Null" time="0.25"/>
  <testcase classname="Register.Test_3_RegisterComplaint_Dates_Negative" name="test_complaintDate_And_ComplaintReceiptDate_Zero" time="0.281"/>
  <testcase classname="Register.Test_3_RegisterComplaint_Dates_Negative" name="test_complaintDate_And_ComplaintReceiptDate_AsChracter" time="0.173"/>
  <testcase classname="Register.Test_4_UserType_Negative" name="test_registerComplaint_NullUserType" time="0.268"/>
  <testcase classname="Register.Test_4_UserType_Negative" name="test_registerComplaint_NumericUserType" time="0.236"/>
  <testcase classname="Register.Test_4_UserType_Negative" name="test_registerComplaint_InvalidUserType" time="0.294"/>
  <testcase classname="Register.Test_5_RegisterComplaint_AgainstBroker" name="test_registerComplaint_Against_Broker" time="0.421"/>
  <testcase classname="Register.Test_6_RegisterComplaint_AgainstSurveyor" name="test_registerComplaint_Against_Surveyor" time="0.294"/>
  <testcase classname="Register.Test_7_RegisterComplaint_AgainstTPA" name="test_registerComplaint_Against_TPA" time="0.255"/>
  <testcase classname="Register.Test_8_RegisterComplaint_AgainstAgent" name="test_registerComplaint_Against_Agent" time="0.267"/>
  <testcase classname="Register.Test_9_RegisterComplaint_Against_LifeInsuranceCompany" name="test_registerComplaint_Against_Life_InsuranceCompany" time="0.247"/>
  <testcase classname="Register.Test_10_RegisterComplaint_Against_NonLifeInsuranceCompany" name="test_registerComplaint_Against_NonLife_InsuranceCompany" time="0.176"/>
  <testcase classname="Register.Test_11_BrokerLicenseNumber_Negative" name="test_registerComplaint_Invalid_BrokerLicenseNumber" time="0.265"/>
  <testcase classname="Register.Test_11_BrokerLicenseNumber_Negative" name="test_registerComplaint_Null_BrokerLicenseNumber" time="0.204"/>
  <testcase classname="Register.Test_12_IntermediaryName_Negative" name="test_Null_IntermediaryName" time="0.175"/>
  <testcase classname="Register.Test_12_IntermediaryName_Negative" name="test_Invalid_IntermediaryName" time="0.2"/>
  <testcase classname="Register.Test_13_IntermediaryLicenseNumber_Negative" name="test_Null_IntermediaryLicenseNumber" time="0.187"/>
  <testcase classname="Register.Test_13_IntermediaryLicenseNumber_Negative" name="test_Invalid_IntermediaryLicenseNumber" time="0.292"/>
  <testcase classname="Register.Test_14_StateIDAndDistrictID_Negative" name="test_Null_StateID" time="0.269"/>
  <testcase classname="Register.Test_14_StateIDAndDistrictID_Negative" name="test_Invalid_StateID" time="0.141"/>
  <testcase classname="Register.Test_14_StateIDAndDistrictID_Negative" name="test_Null_DistrictID" time="0.22"/>
  <testcase classname="Register.Test_14_StateIDAndDistrictID_Negative" name="test_Invalid_DistrictID" time="0.172"/>
  <testcase classname="Register.Test_15_ComplaintAgainstTypeID_Negative" name="test_Null_ComplaintAgainstTypeID" time="0.174"/>
  <testcase classname="Register.Test_15_ComplaintAgainstTypeID_Negative" name="test_Alphabatical_ComplaintAgainstTypeID" time="0.205"/>
  <testcase classname="Register.Test_15_ComplaintAgainstTypeID_Negative" name="test_SpecialCharacter_ComplaintAgainstTypeID" time="0.238"/>
  <testcase classname="Register.Test_15_ComplaintAgainstTypeID_Negative" name="test_Invalid_ComplaintAgainstTypeID" time="0.269"/>
  <testcase classname="Register.Test_16_FirstName_Negative" name="test_Null_FirstName" time="0.189"/>
  <testcase classname="Register.Test_16_FirstName_Negative" name="test_maxLength_exceeding_FirstName_Field" time="0.174"/>
  <testcase classname="Register.Test_17_MobileNumber_Negative" name="test_Null_MobileNumber_Field" time="0.161"/>
  <testcase classname="Register.Test_17_MobileNumber_Negative" name="test_lessThen_10_Digit_MobileNumber" time="0.122"/>
  <testcase classname="Register.Test_17_MobileNumber_Negative" name="test_moreThen_10_Digit_MobileNumber" time="0.204"/>
  <testcase classname="Register.Test_17_MobileNumber_Negative" name="test_MobileNumber_As_AlphabaticCharacter" time="0.136"/>
  <testcase classname="Register.Test_17_MobileNumber_Negative" name="test_MobileNumber_As_SpecialCharacter" time="0.134"/>
  <testcase classname="Register.Test_18_EntityComplaintReferenceNumber_Negative" name="test_Duplicate_EntityComplaintReferenceNumber" time="0.425"/>
  <testcase classname="Register.Test_18_EntityComplaintReferenceNumber_Negative" name="test_Null_EntityComplaintReferenceNumber" time="0.174"/>
  <testcase classname="Register.Test_19_ComplaintDetails_Negative" name="test_Null_ComplaintDetails" time="0.196"/>
  <testcase classname="Register.Test_19_ComplaintDetails_Negative" name="test_ComplaintDetails_Contain_SpecialCharacter" time="0.292"/>
  <testcase classname="Register.Test_19_ComplaintDetails_Negative" name="test_maxLength_exceeding_complaintDetails_field" time="0.166"/>
  <testcase classname="Register.Test_20_InsuranceTypeID_Negative" name="test_Insurance_Type_ID_Null" time="0.157"/>
  <testcase classname="Register.Test_20_InsuranceTypeID_Negative" name="test_Insurance_Type_ID_Invalid" time="0.178"/>
  <testcase classname="Register.Test_20_InsuranceTypeID_Negative" name="test_Insurance_Type_ID_Invalid_Numeric" time="0.185"/>
  <testcase classname="Register.Test_21_PolicyTypeID_Negative" name="test_Policy_Type_ID_Null" time="0.159"/>
  <testcase classname="Register.Test_21_PolicyTypeID_Negative" name="test_Policy_Type_ID_Invalid" time="0.196"/>
  <testcase classname="Register.Test_21_PolicyTypeID_Negative" name="test_Policy_Type_ID_Invalid_Numeric" time="0.191"/>
  <testcase classname="Register.Test_22_ComplaintTypeID_Negative" name="test_Complaint_Type_ID_Null" time="0.212"/>
  <testcase classname="Register.Test_22_ComplaintTypeID_Negative" name="test_Complaint_Type_ID_Invalid" time="0.158"/>
  <testcase classname="Register.Test_22_ComplaintTypeID_Negative" name="test_Complaint_Type_ID_Invalid_Numeric" time="0.137"/>
  <testcase classname="Register.Test_23_ComplaintDescriptionTypeID_Negative" name="test_Complaint_Description_Type_ID_Null" time="0.196"/>
  <testcase classname="Register.Test_23_ComplaintDescriptionTypeID_Negative" name="test_Complaint_Description_Type_ID_Invalid" time="0.237"/>
  <testcase classname="Register.Test_23_ComplaintDescriptionTypeID_Negative" name="test_Complaint_Description_Type_ID_Invalid_Numeric" time="0.227"/>
  <testcase classname="Register.Test_24_SourceOfComplaint_Negative" name="test_Source_Of_Complaint_Null" time="0.144"/>
  <testcase classname="Register.Test_24_SourceOfComplaint_Negative" name="test_Source_Of_Complaint_Alphabetical" time="0.187"/>
  <testcase classname="Register.Test_24_SourceOfComplaint_Negative" name="test_Source_Of_Complaint_SpecialChars" time="0.236"/>
  <testcase classname="Register.Test_24_SourceOfComplaint_Negative" name="test_Source_Of_Complaint_Invalid" time="0.13"/>
  <testcase classname="Register.Test_25_PolicyNumber_Negative" name="test_Policy_Number_Null" time="0.271"/>
  <testcase classname="Register.Test_25_PolicyNumber_Negative" name="test_Policy_Number_Exceeding_length" time="0.158"/>
  <testcase classname="Register.Test_25_PolicyNumber_Negative" name="test_Policy_Number_Duplicate" time="0.226"/>
  <testcase classname="Register.Test_26_Option_Negative" name="test_Option_Null" time="0.23"/>
  <testcase classname="Register.Test_26_Option_Negative" name="test_Option_Alphabetical" time="0.19"/>
  <testcase classname="Register.Test_26_Option_Negative" name="test_Option_SpecialChars" time="0.22"/>
  <testcase classname="Register.Test_26_Option_Negative" name="test_Option_Invalid" time="0.197"/>
  <testcase classname="Register.Test_27_AddressedToInsurer_Negative" name="test_Addressed_To_Insurer_Null" time="0.174"/>
  <testcase classname="Register.Test_27_AddressedToInsurer_Negative" name="test_Addressed_To_Insurer_With_N" time="0.164"/>
  <testcase classname="Register.Test_27_AddressedToInsurer_Negative" name="test_Addressed_To_Insurer_Numeric" time="0.111"/>
  <testcase classname="Register.Test_27_AddressedToInsurer_Negative" name="test_Addressed_To_Insurer_SpecialChars" time="0.158"/>
  <testcase classname="Register.Test_27_AddressedToInsurer_Negative" name="test_Addressed_To_Insurer_Invalid" time="0.141"/>
  <testcase classname="Register.Test_28_TransLoginId_Negative" name="test_Trans_Login_Id_Null" time="0.173"/>
  <testcase classname="Register.Test_28_TransLoginId_Negative" name="test_Trans_Login_Id_Invalid" time="0.167"/>
  <testcase classname="Register.Test_28_TransLoginId_Negative" name="test_Trans_Login_Id_Mapping_Invalid" time="0.204"/>
  <testcase classname="Register.Test_29_Mode_Negative" name="test_Mode_Null" time="0.256"/>
  <testcase classname="Register.Test_29_Mode_Negative" name="test_Mode_Invalid" time="0.127"/>
  <testcase classname="Register.Test_29_Mode_Negative" name="test_Mode_Alphabetical" time="0.158"/>
  <testcase classname="Register.Test_29_Mode_Negative" name="test_Mode_SpecialChars" time="0.126"/>
  <testcase classname="Register.Test_30_PolicyProposalCertClaimNumber_Negative" name="test_Policy_Proposal_Cert_Claim_Number_Null" time="0.125"/>
  <testcase classname="Register.Test_31_IdentifierType_Negative" name="test_Identifier_Type_Null" time="0.173"/>
  <testcase classname="Register.Test_31_IdentifierType_Negative" name="test_Identifier_type_SpecialChars" time="0.219"/>
  <testcase classname="Register.Test_31_IdentifierType_Negative" name="test_Identifier_type_Alphabetical" time="0.173"/>
  <testcase classname="Register.Test_31_IdentifierType_Negative" name="test_Identifier_type_Invalid" time="0.142"/>
  <testcase classname="Base.Main" name="@BeforeSuite setup" time="0.0">
    <ignored/>
  </testcase> <!-- @BeforeSuite setup -->
  <testcase classname="Base.Main" name="@AfterSuite tearDown" time="0.0">
    <ignored/>
  </testcase> <!-- @AfterSuite tearDown -->
  <testcase classname="Base.Main" name="@AfterSuite tearDown" time="0.0">
    <ignored/>
  </testcase> <!-- @AfterSuite tearDown -->
  <testcase classname="Base.Main" name="@AfterSuite tearDown" time="0.0">
    <ignored/>
  </testcase> <!-- @AfterSuite tearDown -->
  <testcase classname="Base.Main" name="@BeforeSuite setup" time="0.0">
    <ignored/>
  </testcase> <!-- @BeforeSuite setup -->
  <testcase classname="Base.Main" name="@AfterSuite tearDown" time="0.0">
    <ignored/>
  </testcase> <!-- @AfterSuite tearDown -->
  <testcase classname="Base.Main" name="@BeforeSuite setup" time="0.0">
    <ignored/>
  </testcase> <!-- @BeforeSuite setup -->
  <testcase classname="Base.Main" name="@BeforeSuite setup" time="0.0">
    <ignored/>
  </testcase> <!-- @BeforeSuite setup -->
  <testcase classname="Base.Main" name="@AfterSuite tearDown" time="0.0">
    <ignored/>
  </testcase> <!-- @AfterSuite tearDown -->
  <testcase classname="Base.Main" name="@AfterSuite tearDown" time="0.0">
    <ignored/>
  </testcase> <!-- @AfterSuite tearDown -->
  <testcase classname="Base.Main" name="@BeforeSuite setup" time="0.0">
    <ignored/>
  </testcase> <!-- @BeforeSuite setup -->
  <testcase classname="Base.Main" name="@AfterSuite tearDown" time="0.0">
    <ignored/>
  </testcase> <!-- @AfterSuite tearDown -->
  <testcase classname="Base.Main" name="@AfterSuite tearDown" time="0.0">
    <ignored/>
  </testcase> <!-- @AfterSuite tearDown -->
  <testcase classname="Base.Main" name="@AfterSuite tearDown" time="0.0">
    <ignored/>
  </testcase> <!-- @AfterSuite tearDown -->
  <testcase classname="Base.Main" name="@AfterSuite tearDown" time="0.0">
    <ignored/>
  </testcase> <!-- @AfterSuite tearDown -->
  <testcase classname="Base.Main" name="@BeforeSuite setup" time="0.0">
    <ignored/>
  </testcase> <!-- @BeforeSuite setup -->
  <testcase classname="Base.Main" name="@BeforeSuite setup" time="0.0">
    <ignored/>
  </testcase> <!-- @BeforeSuite setup -->
  <testcase classname="Base.Main" name="@AfterSuite tearDown" time="0.0">
    <ignored/>
  </testcase> <!-- @AfterSuite tearDown -->
  <testcase classname="Base.Main" name="@AfterSuite tearDown" time="0.0">
    <ignored/>
  </testcase> <!-- @AfterSuite tearDown -->
  <testcase classname="Base.Main" name="@AfterSuite tearDown" time="0.0">
    <ignored/>
  </testcase> <!-- @AfterSuite tearDown -->
  <testcase classname="Base.Main" name="@BeforeSuite setup" time="0.0">
    <ignored/>
  </testcase> <!-- @BeforeSuite setup -->
  <testcase classname="Base.Main" name="@BeforeSuite setup" time="0.0">
    <ignored/>
  </testcase> <!-- @BeforeSuite setup -->
  <testcase classname="Base.Main" name="@BeforeSuite setup" time="0.0">
    <ignored/>
  </testcase> <!-- @BeforeSuite setup -->
  <testcase classname="Base.Main" name="@AfterSuite tearDown" time="0.0">
    <ignored/>
  </testcase> <!-- @AfterSuite tearDown -->
  <testcase classname="Base.Main" name="@AfterSuite tearDown" time="0.0">
    <ignored/>
  </testcase> <!-- @AfterSuite tearDown -->
  <testcase classname="Base.Main" name="@BeforeSuite setup" time="0.0">
    <ignored/>
  </testcase> <!-- @BeforeSuite setup -->
  <testcase classname="Base.Main" name="@AfterSuite tearDown" time="0.0">
    <ignored/>
  </testcase> <!-- @AfterSuite tearDown -->
  <testcase classname="Base.Main" name="@BeforeSuite setup" time="0.0">
    <ignored/>
  </testcase> <!-- @BeforeSuite setup -->
  <testcase classname="Base.Main" name="@AfterSuite tearDown" time="0.0">
    <ignored/>
  </testcase> <!-- @AfterSuite tearDown -->
  <testcase classname="Base.Main" name="@BeforeSuite setup" time="0.0">
    <ignored/>
  </testcase> <!-- @BeforeSuite setup -->
  <testcase classname="Base.Main" name="@BeforeSuite setup" time="0.0">
    <ignored/>
  </testcase> <!-- @BeforeSuite setup -->
  <testcase classname="Base.Main" name="@AfterSuite tearDown" time="0.0">
    <ignored/>
  </testcase> <!-- @AfterSuite tearDown -->
  <testcase classname="Base.Main" name="@AfterSuite tearDown" time="0.0">
    <ignored/>
  </testcase> <!-- @AfterSuite tearDown -->
  <testcase classname="Base.Main" name="@AfterSuite tearDown" time="0.0">
    <ignored/>
  </testcase> <!-- @AfterSuite tearDown -->
  <testcase classname="Base.Main" name="@BeforeSuite setup" time="0.0">
    <ignored/>
  </testcase> <!-- @BeforeSuite setup -->
  <testcase classname="Base.Main" name="@AfterSuite tearDown" time="0.0">
    <ignored/>
  </testcase> <!-- @AfterSuite tearDown -->
  <testcase classname="Base.Main" name="@BeforeSuite setup" time="0.0">
    <ignored/>
  </testcase> <!-- @BeforeSuite setup -->
  <testcase classname="Base.Main" name="@AfterSuite tearDown" time="0.0">
    <ignored/>
  </testcase> <!-- @AfterSuite tearDown -->
  <testcase classname="Base.Main" name="@AfterSuite tearDown" time="0.0">
    <ignored/>
  </testcase> <!-- @AfterSuite tearDown -->
  <testcase classname="Base.Main" name="@BeforeSuite setup" time="0.0">
    <ignored/>
  </testcase> <!-- @BeforeSuite setup -->
  <testcase classname="Base.Main" name="@BeforeSuite setup" time="0.0">
    <ignored/>
  </testcase> <!-- @BeforeSuite setup -->
  <testcase classname="Base.Main" name="@BeforeSuite setup" time="0.0">
    <ignored/>
  </testcase> <!-- @BeforeSuite setup -->
  <testcase classname="Base.Main" name="@BeforeSuite setup" time="0.0">
    <ignored/>
  </testcase> <!-- @BeforeSuite setup -->
  <testcase classname="Base.Main" name="@BeforeSuite setup" time="0.0">
    <ignored/>
  </testcase> <!-- @BeforeSuite setup -->
  <testcase classname="Base.Main" name="@AfterSuite tearDown" time="0.0">
    <ignored/>
  </testcase> <!-- @AfterSuite tearDown -->
  <testcase classname="Base.Main" name="@AfterSuite tearDown" time="0.0">
    <ignored/>
  </testcase> <!-- @AfterSuite tearDown -->
  <testcase classname="Base.Main" name="@BeforeSuite setup" time="0.0">
    <ignored/>
  </testcase> <!-- @BeforeSuite setup -->
  <testcase classname="Base.Main" name="@AfterSuite tearDown" time="0.0">
    <ignored/>
  </testcase> <!-- @AfterSuite tearDown -->
  <testcase classname="Base.Main" name="@AfterSuite tearDown" time="0.0">
    <ignored/>
  </testcase> <!-- @AfterSuite tearDown -->
  <testcase classname="Base.Main" name="@BeforeSuite setup" time="0.0">
    <ignored/>
  </testcase> <!-- @BeforeSuite setup -->
  <testcase classname="Base.Main" name="@BeforeSuite setup" time="0.0">
    <ignored/>
  </testcase> <!-- @BeforeSuite setup -->
  <testcase classname="Base.Main" name="@BeforeSuite setup" time="0.0">
    <ignored/>
  </testcase> <!-- @BeforeSuite setup -->
  <testcase classname="Base.Main" name="@AfterSuite tearDown" time="0.0">
    <ignored/>
  </testcase> <!-- @AfterSuite tearDown -->
  <testcase classname="Base.Main" name="@AfterSuite tearDown" time="0.0">
    <ignored/>
  </testcase> <!-- @AfterSuite tearDown -->
  <testcase classname="Base.Main" name="@BeforeSuite setup" time="0.0">
    <ignored/>
  </testcase> <!-- @BeforeSuite setup -->
  <testcase classname="Base.Main" name="@BeforeSuite setup" time="0.0">
    <ignored/>
  </testcase> <!-- @BeforeSuite setup -->
  <testcase classname="Base.Main" name="@BeforeSuite setup" time="0.0">
    <ignored/>
  </testcase> <!-- @BeforeSuite setup -->
  <testcase classname="Base.Main" name="@BeforeSuite setup" time="0.0">
    <ignored/>
  </testcase> <!-- @BeforeSuite setup -->
  <testcase classname="Base.Main" name="@BeforeSuite setup" time="0.0">
    <ignored/>
  </testcase> <!-- @BeforeSuite setup -->
  <testcase classname="Base.Main" name="@AfterSuite tearDown" time="0.0">
    <ignored/>
  </testcase> <!-- @AfterSuite tearDown -->
</testsuite> <!-- RegisterModule -->
