<?xml version="1.0" encoding="UTF-8"?>
<!-- Generated by org.testng.reporters.JUnitXMLReporter -->
<testsuite ignored="28" hostname="DELL-FHHTRG3" failures="0" tests="85" name="UpdateModule" time="78.46" errors="0" timestamp="2024-07-16T15:15:18 IST">
  <testcase classname="Update.Test_1_StatusChangeDate_Validation" name="future_statusChangeDate_negative_TC" time="0.457"/>
  <testcase classname="Update.Test_1_StatusChangeDate_Validation" name="current_statusChangeDate_positive_TC" time="0.372"/>
  <testcase classname="Update.Test_1_StatusChangeDate_Validation" name="Date_validation_format_YYYY_DD_MM_negative_TC" time="0.317"/>
  <testcase classname="Update.Test_1_StatusChangeDate_Validation" name="Date_validation_format_MM_DD_YYYY_negative_TC" time="0.532"/>
  <testcase classname="Update.Test_1_StatusChangeDate_Validation" name="Date_validation_format_00_00_0000_negative_TC" time="0.338"/>
  <testcase classname="Update.Test_1_StatusChangeDate_Validation" name="Date_validation_alphabet_specialchar_negative_TC" time="0.362"/>
  <testcase classname="Update.Test_1_StatusChangeDate_Validation" name="Status_Change_date_not_older_than_complaint_receipt_date_negative_TC" time="0.445"/>
  <testcase classname="Update.Test_1_StatusChangeDate_Validation" name="Status_Change_date_not_older_than_previous_status_change_date_negative_TC" time="0.607"/>
  <testcase classname="Update.Test_2_NewComplaint" name="new_to_pen_negative_TC" time="0.447"/>
  <testcase classname="Update.Test_2_NewComplaint" name="new_to_att_negative_TC" time="0.457"/>
  <testcase classname="Update.Test_2_NewComplaint" name="new_to_esc_negative_TC" time="0.377"/>
  <testcase classname="Update.Test_2_NewComplaint" name="new_to_rop_negative_TC" time="0.393"/>
  <testcase classname="Update.Test_2_NewComplaint" name="new_to_cls_negative_TC" time="0.408"/>
  <testcase classname="Update.Test_3_AckComplaint" name="ack_to_new_negative_TC" time="0.582"/>
  <testcase classname="Update.Test_3_AckComplaint" name="ack_to_att_negative_TC" time="0.693"/>
  <testcase classname="Update.Test_3_AckComplaint" name="ack_to_esc_negative_TC" time="0.615"/>
  <testcase classname="Update.Test_3_AckComplaint" name="ack_to_rop_negative_TC" time="0.849"/>
  <testcase classname="Update.Test_3_AckComplaint" name="ack_to_cls_negative_TC" time="0.572"/>
  <testcase classname="Update.Test_4_PenComplaint" name="pen_to_new_negative_TC" time="0.848"/>
  <testcase classname="Update.Test_4_PenComplaint" name="pen_to_ack_negative_TC" time="0.735"/>
  <testcase classname="Update.Test_4_PenComplaint" name="pen_to_esc_negative_TC" time="0.724"/>
  <testcase classname="Update.Test_4_PenComplaint" name="pen_to_rop_negative_TC" time="0.727"/>
  <testcase classname="Update.Test_4_PenComplaint" name="pen_to_cls_negative_TC" time="0.868"/>
  <testcase classname="Update.Test_4_PenComplaint" name="pen_to_attent_to_claim_negative_TC" time="0.93"/>
  <testcase classname="Update.Test_5_Ack_Pen_MandateField_Validation" name="Update_Status_Without_Status_Change_Date_field_negative_TC" time="0.314"/>
  <testcase classname="Update.Test_5_Ack_Pen_MandateField_Validation" name="Update_Status_Without_IRDA_Token_Number_field_negative_TC" time="0.346"/>
  <testcase classname="Update.Test_5_Ack_Pen_MandateField_Validation" name="Update_Status_With_null_Entity_Complaint_Ref_Number_field_negative_TC" time="0.419"/>
  <testcase classname="Update.Test_5_Ack_Pen_MandateField_Validation" name="Update_Status_Without_Complaint_Status_Id_field_negative_TC" time="0.362"/>
  <testcase classname="Update.Test_5_Ack_Pen_MandateField_Validation" name="Update_Status_Without_Trans_Login_Id_Field_negative_TC" time="0.348"/>
  <testcase classname="Update.Test_5_Ack_Pen_MandateField_Validation" name="Update_Status_Without_Option_Field_negative_TC" time="0.363"/>
  <testcase classname="Update.Test_5_Ack_Pen_MandateField_Validation" name="Update_Status_Without_Mode_Field_negative_TC" time="0.354"/>
  <testcase classname="Update.Test_5_Ack_Pen_MandateField_Validation" name="Update_Status_Invalid_Mode_Field_negative_TC" time="0.43"/>
  <testcase classname="Update.Test_5_Ack_Pen_MandateField_Validation" name="Update_Status_With_Removed_Entity_ref_Id_field_negative_TC" time="0.338"/>
  <testcase classname="Update.Test_6_pen_to_Att_mand_field_validation" name="pen_to_att_without_mand_field_negative_TC" time="0.59"/>
  <testcase classname="Update.Test_7_Att_to_Complaint" name="att_to_new_negative_TC" time="1.089"/>
  <testcase classname="Update.Test_7_Att_to_Complaint" name="att_to_ack_negative_TC" time="1.045"/>
  <testcase classname="Update.Test_7_Att_to_Complaint" name="att_to_pen_negative_TC" time="0.948"/>
  <testcase classname="Update.Test_7_Att_to_Complaint" name="att_to_rop_negative_TC" time="1.188"/>
  <testcase classname="Update.Test_7_Att_to_Complaint" name="att_to_esc_with_mandatary_fields_negative_TC" time="0.889"/>
  <testcase classname="Update.Test_7_Att_to_Complaint" name="att_to_cls_with_ESC_negative_TC" time="1.787"/>
  <testcase classname="Update.Test_7_Att_to_Complaint" name="att_to_cls_negative_TC" time="0.989"/>
  <testcase classname="Update.Test_8_Type_Of_Disposal" name="type_of_dis_1_positive_TC" time="0.829"/>
  <testcase classname="Update.Test_8_Type_Of_Disposal" name="type_of_dis_2_positive_TC" time="0.936"/>
  <testcase classname="Update.Test_8_Type_Of_Disposal" name="type_of_dis_3_positive_TC" time="0.845"/>
  <testcase classname="Update.Test_8_Type_Of_Disposal" name="type_of_dis_9_positive_TC" time="0.797"/>
  <testcase classname="Update.Test_8_Type_Of_Disposal" name="type_of_dis_invalid_negative_TC" time="0.732"/>
  <testcase classname="Update.Test_8_Type_Of_Disposal" name="type_of_dis_9_without_mand_field_negative_TC" time="0.871"/>
  <testcase classname="Update.Test_9_EscComplaint" name="esc_to_new_negative_TC" time="1.523"/>
  <testcase classname="Update.Test_9_EscComplaint" name="esc_to_ack_negative_TC" time="1.481"/>
  <testcase classname="Update.Test_9_EscComplaint" name="esc_to_pending_negative_TC" time="1.374"/>
  <testcase classname="Update.Test_9_EscComplaint" name="esc_to_att_to_negative_TC" time="1.601"/>
  <testcase classname="Update.Test_9_EscComplaint" name="esc_to_reopen_less_than_15_TC" time="1.104"/>
  <testcase classname="Update.Test_9_EscComplaint" name="esc_to_close_negative_TC" time="1.21"/>
  <testcase classname="Update.Test_10_RopComplaint" name="rop_to_new_negative_TC" time="1.458"/>
  <testcase classname="Update.Test_10_RopComplaint" name="rop_to_ack_negative_TC" time="1.417"/>
  <testcase classname="Update.Test_10_RopComplaint" name="rop_to_pending_negative_TC" time="1.393"/>
  <testcase classname="Update.Test_10_RopComplaint" name="rop_to_esc_negative_TC" time="1.393"/>
  <testcase classname="Update.Test_10_RopComplaint" name="rop_to_cls_negative_TC" time="1.626"/>
  <testcase classname="Update.Test_10_RopComplaint" name="rop_to_att_with_claim_negative_TC" time="1.329"/>
  <testcase classname="Update.Test_11_Cls_Negative" name="cls_to_new_nagative_TC" time="1.636"/>
  <testcase classname="Update.Test_11_Cls_Negative" name="cls_to_ack_negative_TC" time="1.379"/>
  <testcase classname="Update.Test_11_Cls_Negative" name="cls_to_pen_negative_TC" time="1.149"/>
  <testcase classname="Update.Test_11_Cls_Negative" name="cls_to_att_negative_TC" time="1.166"/>
  <testcase classname="Update.Test_11_Cls_Negative" name="cls_to_esc_negative_TC" time="1.189"/>
  <testcase classname="Update.Test_11_Cls_Negative" name="cls_to_rop_negative_TC" time="1.975"/>
  <testcase classname="Update.Test_12_not_pertain_to" name="new_not_pertain_to_positive_TC" time="0.506"/>
  <testcase classname="Update.Test_12_not_pertain_to" name="ack_not_pertain_to_positive_TC" time="0.577"/>
  <testcase classname="Update.Test_12_not_pertain_to" name="pending_not_pertain_to_positive_TC" time="1.078"/>
  <testcase classname="Update.Test_12_not_pertain_to" name="without_mand_field_negative_TC" time="0.516"/>
  <testcase classname="Update.Test_13_branch_code_validation" name="registerAgainst_Broker_new_to_ack_positive_TC" time="0.451"/>
  <testcase classname="Update.Test_14_status_update_with_diff_transLogin_Id" name="status_update_with_diff_transLogin_Id_negative_TC" time="0.788"/>
  <testcase classname="Update.Test_15_UpdateComplaint_Positive" name="new_to_ack_positive_TC" time="0.435"/>
  <testcase classname="Update.Test_15_UpdateComplaint_Positive" name="new_to_esc_after_15_days_positive_TC" time="0.384"/>
  <testcase classname="Update.Test_15_UpdateComplaint_Positive" name="ack_to_pen_positive_TC" time="0.586"/>
  <testcase classname="Update.Test_15_UpdateComplaint_Positive" name="ack_to_esc_after_15_days_positive_TC" time="0.65"/>
  <testcase classname="Update.Test_15_UpdateComplaint_Positive" name="pen_to_att_positive_TC" time="1.063"/>
  <testcase classname="Update.Test_15_UpdateComplaint_Positive" name="pen_to_attent_to_claim_positive_TC" time="1.03"/>
  <testcase classname="Update.Test_15_UpdateComplaint_Positive" name="pen_to_esc_after_15_days_positive_TC" time="0.853"/>
  <testcase classname="Update.Test_15_UpdateComplaint_Positive" name="att_to_esc_firstTime_positive_TC" time="1.228"/>
  <testcase classname="Update.Test_15_UpdateComplaint_Positive" name="att_to_esc_secondTime_positive_TC" time="2.206"/>
  <testcase classname="Update.Test_15_UpdateComplaint_Positive" name="att_to_cls_positive_TC" time="3.026"/>
  <testcase classname="Update.Test_15_UpdateComplaint_Positive" name="closure_request_to_IRDIA_positive_TC" time="2.06"/>
  <testcase classname="Update.Test_15_UpdateComplaint_Positive" name="esc_to_rop_positive_TC" time="1.706"/>
  <testcase classname="Update.Test_15_UpdateComplaint_Positive" name="rop_to_att_with_claim_positive_TC" time="1.563"/>
  <testcase classname="Update.Test_15_UpdateComplaint_Positive" name="rop_to_att_with_positive_TC" time="1.63"/>
  <testcase classname="Base.Main" name="@AfterSuite tearDown" time="0.0">
    <ignored/>
  </testcase> <!-- @AfterSuite tearDown -->
  <testcase classname="Base.Main" name="@BeforeSuite setup" time="0.0">
    <ignored/>
  </testcase> <!-- @BeforeSuite setup -->
  <testcase classname="Base.Main" name="@AfterSuite tearDown" time="0.0">
    <ignored/>
  </testcase> <!-- @AfterSuite tearDown -->
  <testcase classname="Base.Main" name="@BeforeSuite setup" time="0.0">
    <ignored/>
  </testcase> <!-- @BeforeSuite setup -->
  <testcase classname="Base.Main" name="@BeforeSuite setup" time="0.0">
    <ignored/>
  </testcase> <!-- @BeforeSuite setup -->
  <testcase classname="Base.Main" name="@BeforeSuite setup" time="0.0">
    <ignored/>
  </testcase> <!-- @BeforeSuite setup -->
  <testcase classname="Base.Main" name="@AfterSuite tearDown" time="0.0">
    <ignored/>
  </testcase> <!-- @AfterSuite tearDown -->
  <testcase classname="Base.Main" name="@BeforeSuite setup" time="0.0">
    <ignored/>
  </testcase> <!-- @BeforeSuite setup -->
  <testcase classname="Base.Main" name="@AfterSuite tearDown" time="0.0">
    <ignored/>
  </testcase> <!-- @AfterSuite tearDown -->
  <testcase classname="Base.Main" name="@AfterSuite tearDown" time="0.0">
    <ignored/>
  </testcase> <!-- @AfterSuite tearDown -->
  <testcase classname="Base.Main" name="@AfterSuite tearDown" time="0.0">
    <ignored/>
  </testcase> <!-- @AfterSuite tearDown -->
  <testcase classname="Base.Main" name="@BeforeSuite setup" time="0.0">
    <ignored/>
  </testcase> <!-- @BeforeSuite setup -->
  <testcase classname="Base.Main" name="@BeforeSuite setup" time="0.0">
    <ignored/>
  </testcase> <!-- @BeforeSuite setup -->
  <testcase classname="Base.Main" name="@AfterSuite tearDown" time="0.0">
    <ignored/>
  </testcase> <!-- @AfterSuite tearDown -->
  <testcase classname="Base.Main" name="@AfterSuite tearDown" time="0.0">
    <ignored/>
  </testcase> <!-- @AfterSuite tearDown -->
  <testcase classname="Base.Main" name="@AfterSuite tearDown" time="0.0">
    <ignored/>
  </testcase> <!-- @AfterSuite tearDown -->
  <testcase classname="Base.Main" name="@BeforeSuite setup" time="0.0">
    <ignored/>
  </testcase> <!-- @BeforeSuite setup -->
  <testcase classname="Base.Main" name="@BeforeSuite setup" time="0.0">
    <ignored/>
  </testcase> <!-- @BeforeSuite setup -->
  <testcase classname="Base.Main" name="@AfterSuite tearDown" time="0.0">
    <ignored/>
  </testcase> <!-- @AfterSuite tearDown -->
  <testcase classname="Base.Main" name="@BeforeSuite setup" time="0.0">
    <ignored/>
  </testcase> <!-- @BeforeSuite setup -->
  <testcase classname="Base.Main" name="@AfterSuite tearDown" time="0.0">
    <ignored/>
  </testcase> <!-- @AfterSuite tearDown -->
  <testcase classname="Base.Main" name="@BeforeSuite setup" time="0.0">
    <ignored/>
  </testcase> <!-- @BeforeSuite setup -->
  <testcase classname="Base.Main" name="@BeforeSuite setup" time="0.0">
    <ignored/>
  </testcase> <!-- @BeforeSuite setup -->
  <testcase classname="Base.Main" name="@AfterSuite tearDown" time="0.0">
    <ignored/>
  </testcase> <!-- @AfterSuite tearDown -->
  <testcase classname="Base.Main" name="@BeforeSuite setup" time="0.0">
    <ignored/>
  </testcase> <!-- @BeforeSuite setup -->
  <testcase classname="Base.Main" name="@BeforeSuite setup" time="0.0">
    <ignored/>
  </testcase> <!-- @BeforeSuite setup -->
  <testcase classname="Base.Main" name="@AfterSuite tearDown" time="0.0">
    <ignored/>
  </testcase> <!-- @AfterSuite tearDown -->
  <testcase classname="Base.Main" name="@AfterSuite tearDown" time="0.0">
    <ignored/>
  </testcase> <!-- @AfterSuite tearDown -->
</testsuite> <!-- UpdateModule -->
